2024-10-02 20:24:51 - [main] INFO  com.stresser.Stresser - Logging enabled. Output to file: stresser.log
2024-10-02 20:26:15 - [main] INFO  com.stresser.Stresser - Logging enabled. Output to file: stresser.log
2024-10-02 20:26:15 - [main] INFO  com.stresser.Stresser - Starting CPU stress.
2024-10-02 20:26:15 - [main] INFO  com.stresser.CpuStresser - Generating CPU load for 4 threads with max usage 80% for 120 seconds.
2024-10-02 20:26:15 - [main] INFO  com.stresser.Stresser - Starting memory stress.
2024-10-02 20:26:15 - [main] INFO  com.stresser.MemoryStresser - Generating memory load with 2 arrays of 512 MB for 120 seconds. Max usage: 4096 MB
2024-10-02 20:26:16 - [main] INFO  com.stresser.Stresser - Starting disk stress.
2024-10-02 20:26:16 - [main] INFO  com.stresser.DiskStresser - Starting disk stress with 10 files of 100 MB for 120 seconds. Max I/O speed: 100 Mbps
2024-10-02 20:28:16 - [main] INFO  com.stresser.Stresser - Starting network stress.
2024-10-02 20:28:16 - [main] INFO  com.stresser.NetworkStresser - Starting network stress with URL: https://ash-speed.hetzner.com/100MB.bin for 60 seconds. Max bandwidth: 50 Mbps
2024-10-02 20:29:16 - [main] INFO  com.stresser.Stresser - Starting file descriptor stress.
2024-10-02 20:29:16 - [main] INFO  com.stresser.FileDescriptorStresser - Generating file descriptor stress by opening 100 files for 120 seconds.
2024-10-02 20:29:16 - [main] INFO  com.stresser.Stresser - Starting thread stress.
2024-10-02 20:29:16 - [main] INFO  com.stresser.ThreadStresser - Starting thread stress with 4 threads for 120 seconds.
2024-10-02 20:29:16 - [main] INFO  com.stresser.Stresser - Stress test completed.
2024-10-02 20:40:09 - [main] INFO  com.stresser.Stresser - Logging enabled. Output to file: stresser.log
2024-10-02 20:40:09 - [main] INFO  com.stresser.Stresser - Starting CPU stress.
2024-10-02 20:40:09 - [main] INFO  com.stresser.CpuStresser - Generating CPU load for 4 threads with max usage 80% for 120 seconds.
2024-10-02 20:40:09 - [main] INFO  com.stresser.Stresser - Starting memory stress.
2024-10-02 20:40:09 - [main] INFO  com.stresser.MemoryStresser - Generating memory load with 2 arrays of 512 MB for 120 seconds. Max usage: 4096 MB
2024-10-02 20:40:11 - [main] INFO  com.stresser.Stresser - Starting disk stress.
2024-10-02 20:40:11 - [main] INFO  com.stresser.DiskStresser - Starting disk stress with 10 files of 100 MB for 120 seconds. Max I/O speed: 100 Mbps
2024-10-03 10:56:52 - [main] INFO  com.stresser.Stresser - Logging enabled. Output to file: stresser.log
2024-10-03 10:56:52 - [main] INFO  com.stresser.Stresser - Starting CPU stress.
2024-10-03 10:56:52 - [main] INFO  com.stresser.CpuStresser - Generating CPU load for 4 threads with max usage 80% for 120 seconds.
2024-10-03 10:56:52 - [main] INFO  com.stresser.Stresser - Stress test completed.
2024-10-03 10:56:52 - [main] INFO  com.stresser.Stresser - Stress test report generated at: stresser_report.txt
2024-10-03 11:02:59 - [main] INFO  com.stresser.Stresser - Logging enabled. Output to file: stresser.log
2024-10-03 11:02:59 - [main] INFO  com.stresser.Stresser - Starting CPU stress.
2024-10-03 11:02:59 - [main] INFO  com.stresser.CpuStresser - Generating CPU load for 4 threads with max usage 80% for 120 seconds.
2024-10-03 11:02:59 - [main] INFO  com.stresser.Stresser - Stress test completed.
2024-10-03 11:02:59 - [main] INFO  com.stresser.Stresser - Stress test report generated at: stresser_report.txt
2024-10-03 11:07:00 - [main] INFO  com.stresser.Stresser - Logging enabled. Output to file: stresser.log
2024-10-03 11:07:00 - [main] INFO  com.stresser.Stresser - Starting CPU stress.
2024-10-03 11:07:00 - [main] INFO  com.stresser.CpuStresser - Generating CPU load for 4 threads with max usage 80% for 120 seconds.
2024-10-03 11:07:00 - [main] INFO  com.stresser.Stresser - Stress test completed.
2024-10-03 11:07:00 - [main] INFO  com.stresser.Stresser - Stress test report generated at: stresser_report.txt
2024-10-03 11:07:28 - [main] INFO  com.stresser.Stresser - Logging enabled. Output to file: stresser.log
2024-10-03 11:07:28 - [main] INFO  com.stresser.Stresser - Starting CPU stress.
2024-10-03 11:07:28 - [main] INFO  com.stresser.CpuStresser - Generating CPU load for 4 threads with max usage 80% for 120 seconds.
2024-10-03 11:07:28 - [main] INFO  com.stresser.Stresser - Stress test completed.
2024-10-03 11:07:28 - [main] INFO  com.stresser.Stresser - Stress test report generated at: stresser_report.txt
2024-10-03 11:08:07 - [main] INFO  com.stresser.Stresser - Logging enabled. Output to file: stresser.log
2024-10-03 11:08:07 - [pool-1-thread-1] INFO  com.stresser.Stresser - test
2024-10-03 11:08:07 - [main] INFO  com.stresser.Stresser - Starting CPU stress.
2024-10-03 11:08:07 - [main] INFO  com.stresser.CpuStresser - Generating CPU load for 4 threads with max usage 80% for 120 seconds.
2024-10-03 11:08:07 - [main] INFO  com.stresser.Stresser - Stress test completed.
2024-10-03 11:08:07 - [main] INFO  com.stresser.Stresser - Stress test report generated at: stresser_report.txt
2024-10-03 11:11:18 - [pool-1-thread-1] INFO  com.stresser.Stresser - test
2024-10-03 11:11:18 - [main] INFO  com.stresser.Stresser - Logging enabled. Output to file: stresser.log
2024-10-03 11:11:18 - [main] INFO  com.stresser.Stresser - Starting CPU stress.
2024-10-03 11:11:18 - [main] INFO  com.stresser.CpuStresser - Generating CPU load for 4 threads with max usage 80% for 120 seconds.
2024-10-03 11:11:19 - [pool-1-thread-1] INFO  com.stresser.Stresser - test
2024-10-03 11:11:20 - [pool-1-thread-1] INFO  com.stresser.Stresser - test
2024-10-03 11:11:21 - [pool-1-thread-1] INFO  com.stresser.Stresser - test
2024-10-03 11:11:22 - [pool-1-thread-1] INFO  com.stresser.Stresser - test
2024-10-03 11:11:59 - [main] INFO  com.stresser.Stresser - Logging enabled. Output to file: stresser.log
2024-10-03 11:11:59 - [main] INFO  com.stresser.Stresser - Starting CPU stress.
2024-10-03 11:11:59 - [main] INFO  com.stresser.CpuStresser - Generating CPU load for 4 threads with max usage 80% for 120 seconds.
2024-10-03 11:13:59 - [main] INFO  com.stresser.Stresser - Stress test completed. Shutting down metrics collection.
2024-10-03 11:13:59 - [main] INFO  com.stresser.Stresser - Stress test report generated at: stresser_report.txt
2024-10-03 15:21:03 - [main] INFO  com.stresser.Stresser - Logging enabled. Output to file: stresser.log
2024-10-03 15:21:03 - [main] INFO  com.stresser.Stresser - Starting CPU stress.
2024-10-03 15:21:03 - [main] INFO  com.stresser.CpuStresser - Generating CPU load for 20 threads with max usage 80% for 120 seconds.
2024-10-03 15:23:03 - [main] INFO  com.stresser.Stresser - Stress test completed. Shutting down metrics collection.
2024-10-03 15:23:03 - [main] INFO  com.stresser.Stresser - Stress test report generated at: stresser_report.txt
2024-11-13 19:39:19 - [main] INFO  com.stresser.Stresser - Logging enabled. Output to file: stresser.log
2024-11-13 19:39:19 - [main] INFO  com.stresser.Stresser - Starting CPU stress.
2024-11-13 19:39:19 - [main] INFO  com.stresser.CpuStresser - Generating CPU load for 20 threads with max usage 80% for 1800 seconds.
2024-11-13 19:48:13 - [main] INFO  com.stresser.Stresser - Logging enabled. Output to file: stresser.log
2024-11-13 19:48:13 - [main] INFO  com.stresser.Stresser - Starting CPU stress.
2024-11-13 19:48:13 - [main] INFO  com.stresser.CpuStresser - Generating CPU load for 20 threads with max usage 80% for 1800 seconds.
2024-11-15 14:08:14 - [main] INFO  com.stresser.Stresser - Starting CPU stress with 3 threads.
2024-11-15 14:08:14 - [main] INFO  com.stresser.CpuStresser - Generating CPU load for 3 threads with max usage no limit% for 1800 seconds.
2024-11-15 14:08:46 - [main] INFO  com.stresser.Stresser - Starting CPU stress with 3 threads.
2024-11-15 14:08:46 - [main] INFO  com.stresser.CpuStresser - Generating CPU load for 3 threads with max usage no limit% for 1800 seconds.
2024-11-15 14:18:35 - [main] INFO  com.stresser.Stresser - Starting CPU stress with 4 threads. Limit: 3% CPU usage.
2024-11-15 14:18:36 - [main] INFO  com.stresser.CpuStresser - Generating CPU load for 4 threads with max usage 3% for 1800 seconds.
2024-11-15 14:19:36 - [main] INFO  com.stresser.Stresser - Starting CPU stress with 4 threads. Limit: 10% CPU usage.
2024-11-15 14:19:36 - [main] INFO  com.stresser.CpuStresser - Generating CPU load for 4 threads with max usage 10% for 1800 seconds.
2024-11-15 14:50:09 - [main] INFO  com.stresser.Stresser - Starting CPU stress with 4 threads. Limit: 10% CPU usage.
2024-11-15 14:50:09 - [main] INFO  com.stresser.CpuStresser - Generating CPU load for 4 threads with max usage 10% for 120 seconds.
2024-11-15 14:52:09 - [main] INFO  com.stresser.Stresser - Stress test completed. Shutting down.
2024-11-15 14:52:40 - [main] INFO  com.stresser.Stresser - Waiting for 1 minute(s) before starting the stress test...
2024-11-15 14:53:40 - [main] INFO  com.stresser.Stresser - Starting CPU stress with 4 threads. Limit: 10% CPU usage.
2024-11-15 14:53:40 - [main] INFO  com.stresser.CpuStresser - Generating CPU load for 4 threads with max usage 10% for 120 seconds.
2024-11-15 14:55:40 - [main] INFO  com.stresser.Stresser - Stress test completed. Shutting down.
2024-11-15 15:00:05 - %PARSER_ERROR[log_timestamp] -[main] INFO  com.stresser.Stresser - Starting CPU stress with 4 threads. Limit: 10% CPU usage.
2024-11-15 15:00:05 - %PARSER_ERROR[log_timestamp] -[main] INFO  com.stresser.CpuStresser - Generating CPU load for 4 threads with max usage 10% for 108000 seconds.
2024-11-15 15:00:43 - %PARSER_ERROR[log_timestamp] -[main] INFO  com.stresser.Stresser - Starting CPU stress with 4 threads. Limit: 1% CPU usage.
2024-11-15 15:00:43 - %PARSER_ERROR[log_timestamp] -[main] INFO  com.stresser.CpuStresser - Generating CPU load for 4 threads with max usage 1% for 108000 seconds.
2024-11-15 15:01:12 - %PARSER_ERROR[log_timestamp] -[main] INFO  com.stresser.Stresser - Starting CPU stress with 4 threads. Limit: 10% CPU usage.
2024-11-15 15:01:12 - %PARSER_ERROR[log_timestamp] -[main] INFO  com.stresser.CpuStresser - Generating CPU load for 4 threads with max usage 10% for 60 seconds.
2024-11-15 15:02:12 - %PARSER_ERROR[log_timestamp] -[main] INFO  com.stresser.Stresser - Stress test completed. Shutting down.
